#
# A fatal error has been detected by the Java Runtime Environment:
#
#  EXCEPTION_ACCESS_VIOLATION (0xc0000005) at pc=0x00007fff732c2632, pid=9536, tid=1684
#
# JRE version: Java(TM) SE Runtime Environment (17.0.2+8) (build 17.0.2+8-LTS-86)
# Java VM: Java HotSpot(TM) 64-Bit Server VM (17.0.2+8-LTS-86, mixed mode, sharing, tiered, compressed oops, compressed class ptrs, g1 gc, windows-amd64)
# Problematic frame:
# V  [jvm.dll+0x2d2632]
#
# No core dump will be written. Minidumps are not enabled by default on client versions of Windows
#
# If you would like to submit a bug report, please visit:
#   https://bugreport.java.com/bugreport/crash.jsp
#

---------------  S U M M A R Y ------------

Command Line: -Denv.class.path=.;E:\ojdbc6.jar;E:\servlet-api.jar;E:\postgresql-42.5.0.jar;E:\sax-2.0.1.jar;E:\tika-app-2.5.0.jar;% java TinyHttpd 9999; -Dapplication.home=C:\Program Files\Java\jdk-17.0.2 --add-modules=ALL-DEFAULT -Xms8m -Djdk.module.main=jdk.compiler jdk.compiler/com.sun.tools.javac.Main -d . *.java

Host: Intel(R) Core(TM) i5-3230M CPU @ 2.60GHz, 4 cores, 7G,  Windows 10 , 64 bit Build 19041 (10.0.19041.928)
Time: Fri Dec  9 12:10:04 2022 Paris, Madrid elapsed time: 1.203902 seconds (0d 0h 0m 1s)

---------------  T H R E A D  ---------------

Current thread (0x0000027b9473daf0):  ConcurrentGCThread "G1 Conc#0" [stack: 0x000000f57d800000,0x000000f57d900000] [id=1684]

Stack: [0x000000f57d800000,0x000000f57d900000],  sp=0x000000f57d8ffa80,  free space=1022k
Native frames: (J=compiled Java code, j=interpreted, Vv=VM code, C=native code)
V  [jvm.dll+0x2d2632]
V  [jvm.dll+0x2dfdd7]
V  [jvm.dll+0x2e6b64]
V  [jvm.dll+0x7fd27b]
V  [jvm.dll+0x7fd2c6]
V  [jvm.dll+0x77ff7a]
V  [jvm.dll+0x66fa35]
C  [ucrtbase.dll+0x21bb2]
C  [KERNEL32.DLL+0x17034]
C  [ntdll.dll+0x52651]


siginfo: EXCEPTION_ACCESS_VIOLATION (0xc0000005), reading address 0x00000000000000c0


Register to memory mapping:

RIP=0x00007fff732c2632 jvm.dll
RAX=0x0000027b94715fb0 points into unknown readable memory: 0x0000000000000000 | 00 00 00 00 00 00 00 00
RBX=0x00000000837664e8 is pointing into object: com.sun.tools.javac.code.Symbol$ClassSymbol 
{0x00000000837664a8} - klass: 'com/sun/tools/javac/code/Symbol$ClassSymbol'
 - ---- fields (total size 11 words):
 - public 'kind' 'Lcom/sun/tools/javac/code/Kinds$Kind;' @12  a 'com/sun/tools/javac/code/Kinds$Kind'{0x0000000081b4e8b0} (81b4e8b0)
 - public 'flags_field' 'J' @16  33554432 (2000000 0)
 - public 'name' 'Lcom/sun/tools/javac/util/Name;' @24  a 'com/sun/tools/javac/util/SharedNameTable$NameImpl'{0x0000000083766500} (83766500)
 - public 'type' 'Lcom/sun/tools/javac/code/Type;' @28  a 'com/sun/tools/javac/code/Type$ClassType'{0x0000000083766520} (83766520)
 - public 'owner' 'Lcom/sun/tools/javac/code/Symbol;' @32  a 'com/sun/tools/javac/code/Symbol$PackageSymbol'{0x0000000081be6798} (81be6798)
 - public 'completer' 'Lcom/sun/tools/javac/code/Symbol$Completer;' @36  a 'com/sun/tools/javac/code/ClassFinder$$Lambda$42+0x0000000800c8dfc0'{0x0000000081b68f80} (81b68f80)
 - public 'erasure_field' 'Lcom/sun/tools/javac/code/Type;' @40  NULL (0)
 - protected 'metadata' 'Lcom/sun/tools/javac/code/SymbolMetadata;' @44  NULL (0)
 - public 'isPermittedExplicit' 'Z' @48  false
 - public 'members_field' 'Lcom/sun/tools/javac/code/Scope$WriteableScope;' @52  NULL (0)
 - public 'fullname' 'Lcom/sun/tools/javac/util/Name;' @56  a 'com/sun/tools/javac/util/SharedNameTable$NameImpl'{0x0000000083766550} (83766550)
 - public 'flatname' 'Lcom/sun/tools/javac/util/Name;' @60  a 'com/sun/tools/javac/util/SharedNameTable$NameImpl'{0x0000000083766550} (83766550)
 - public 'sourcefile' 'Ljavax/tools/JavaFileObject;' @64  
[error occurred during error reporting (printing register info), id 0xc0000005, EXCEPTION_ACCESS_VIOLATION (0xc0000005) at pc=0x00007fff7337cabe]

Registers:
RAX=0x0000027b94715fb0, RBX=0x00000000837664e8, RCX=0x0000000000000014, RDX=0x0000000000000000
RSP=0x000000f57d8ffa80, RBP=0x0000000000000000, RSI=0x0000027b9472c430, RDI=0x0000000000004000
R8 =0x0000000000004000, R9 =0x0000000000000000, R10=0x00000000000000db, R11=0x0000000000000003
R12=0x0000000000000000, R13=0x00007fff73a73df0, R14=0x0000000800c87b00, R15=0x00000000837664a8
RIP=0x00007fff732c2632, EFLAGS=0x0000000000010246

Top of Stack: (sp=0x000000f57d8ffa80)
0x000000f57d8ffa80:   0000000000000003 00007fff732c26f8
0x000000f57d8ffa90:   000000008374efb8 00007fff732d03c7
0x000000f57d8ffaa0:   0000000083766500 00007fff732cfdd7
0x000000f57d8ffab0:   00000000837664cc 000000f57d8ffb10
0x000000f57d8ffac0:   0000000800c87af8 0000027b9472c4e0
0x000000f57d8ffad0:   000000f57d7ffa90 0000000083800000
0x000000f57d8ffae0:   00000000837664a8 00007fff732d6b64
0x000000f57d8ffaf0:   000000000000000b 0000000800c87410
0x000000f57d8ffb00:   0000027b9472c4e0 00007fff00000001
0x000000f57d8ffb10:   00007fff738e07d0 0000000000000000
0x000000f57d8ffb20:   0000000000000003 0000027b946febf0
0x000000f57d8ffb30:   0000027b9472c430 0000000000000000
0x000000f57d8ffb40:   0000027b9473daf0 0000000000000000
0x000000f57d8ffb50:   0000000000000000 0000000000000000
0x000000f57d8ffb60:   0000000000000000 00007fff737ed27b
0x000000f57d8ffb70:   0000000000000001 0000027b9473daf0 

Instructions: (pc=0x00007fff732c2632)
0x00007fff732c2532:   48 3b c8 75 ee 32 db 48 8b 6c 24 38 0f b6 c3 48
0x00007fff732c2542:   8b 5c 24 30 48 8b 74 24 40 48 83 c4 20 5f c3 80
0x00007fff732c2552:   3d 4b 84 81 00 00 b3 01 74 15 8b 57 08 8b 0d 53
0x00007fff732c2562:   0d 7b 00 48 d3 e2 48 03 15 41 0d 7b 00 eb 04 48
0x00007fff732c2572:   8b 57 08 48 8b cf e8 d3 a6 ed ff 4c 63 d8 48 8b
0x00007fff732c2582:   86 08 03 00 00 4c 8b 04 e8 49 8b 40 18 8b 88 c0
0x00007fff732c2592:   01 00 00 48 8b 90 b8 01 00 00 48 d3 e2 8b 0d eb
0x00007fff732c25a2:   8d 81 00 48 2b fa 41 8b 50 60 48 d3 ef 44 8b d7
0x00007fff732c25b2:   49 23 d2 48 c1 e2 04 49 03 50 40 8b 02 3b c7 74
0x00007fff732c25c2:   2d 4c 8b 4a 08 4d 85 c9 74 0c 8b c8 49 8b 40 38
0x00007fff732c25d2:   f0 4c 0f c1 0c c8 48 c7 42 08 00 00 00 00 44 89
0x00007fff732c25e2:   12 49 ff 40 58 4c 01 5a 08 e9 49 ff ff ff 49 ff
0x00007fff732c25f2:   40 50 4c 01 5a 08 e9 3c ff ff ff cc cc cc 48 89
0x00007fff732c2602:   6c 24 10 48 89 74 24 18 57 48 83 ec 20 48 8b 41
0x00007fff732c2612:   08 48 8b f1 4d 8b c8 8b ea 49 8b f8 8b 88 c0 01
0x00007fff732c2622:   00 00 48 8b 80 b0 01 00 00 49 d3 e9 4e 8b 0c c8
0x00007fff732c2632:   4d 3b 81 c0 00 00 00 72 12 32 c0 48 8b 6c 24 38
0x00007fff732c2642:   48 8b 74 24 40 48 83 c4 20 5f c3 48 89 5c 24 30
0x00007fff732c2652:   48 8b d7 48 8b 9e 98 00 00 00 48 8b cb 48 8b 03
0x00007fff732c2662:   ff 10 8b 4b 18 48 8b d7 48 2b 53 08 48 8b 43 20
0x00007fff732c2672:   48 c1 ea 03 48 d3 ea 48 8b ca 48 c1 e9 06 4c 8d
0x00007fff732c2682:   04 c8 0f b6 ca 49 8b 00 80 e1 3f ba 01 00 00 00
0x00007fff732c2692:   48 d3 e2 48 8b c8 48 0b ca 48 3b c8 74 12 f0 49
0x00007fff732c26a2:   0f b1 08 74 25 48 8b c8 48 0b ca 48 3b c8 75 ee
0x00007fff732c26b2:   32 db 48 8b 6c 24 38 0f b6 c3 48 8b 5c 24 30 48
0x00007fff732c26c2:   8b 74 24 40 48 83 c4 20 5f c3 80 3d d0 82 81 00
0x00007fff732c26d2:   00 b3 01 74 15 8b 57 08 8b 0d d8 0b 7b 00 48 d3
0x00007fff732c26e2:   e2 48 03 15 c6 0b 7b 00 eb 04 48 8b 57 08 48 8b
0x00007fff732c26f2:   cf e8 58 a5 ed ff 4c 63 d8 48 8b 86 08 03 00 00
0x00007fff732c2702:   4c 8b 04 e8 49 8b 40 18 8b 88 c0 01 00 00 48 8b
0x00007fff732c2712:   90 b8 01 00 00 48 d3 e2 8b 0d 70 8c 81 00 48 2b
0x00007fff732c2722:   fa 41 8b 50 60 48 d3 ef 44 8b d7 49 23 d2 48 c1 


Stack slot to memory mapping:
stack at sp + 0 slots: 0x0000000000000003 is an unknown value
stack at sp + 1 slots: 0x00007fff732c26f8 jvm.dll
stack at sp + 2 slots: 0x000000008374efb8 is an oop: java.lang.ref.WeakReference 
{0x000000008374efb8} - klass: 'java/lang/ref/WeakReference'
 - ---- fields (total size 4 words):
 - private 'referent' 'Ljava/lang/Object;' @12  a 'com/sun/tools/javac/code/Scope$StarImportScope'{0x0000000083702068} (83702068)
 - volatile 'queue' 'Ljava/lang/ref/ReferenceQueue;' @16  a 'java/lang/ref/ReferenceQueue$Null'{0x0000000081a7e770} (81a7e770)
 - volatile 'next' 'Ljava/lang/ref/Reference;' @20  NULL (0)
 - private transient 'discovered' 'Ljava/lang/ref/Reference;' @24  NULL (0)
stack at sp + 3 slots: 0x00007fff732d03c7 jvm.dll
stack at sp + 4 slots: 0x0000000083766500 is an oop: com.sun.tools.javac.util.SharedNameTable$NameImpl 
{0x0000000083766500} - klass: 'com/sun/tools/javac/util/SharedNameTable$NameImpl'
 - ---- fields (total size 4 words):
 - public final 'table' 'Lcom/sun/tools/javac/util/Name$Table;' @12  a 'com/sun/tools/javac/util/SharedNameTable'{0x0000000081ad8360} (81ad8360)
 - 'index' 'I' @16  38280 (9588)
 - 'length' 'I' @20  6
 - 'next' 'Lcom/sun/tools/javac/util/SharedNameTable$NameImpl;' @24  NULL (0)
stack at sp + 5 slots: 0x00007fff732cfdd7 jvm.dll
stack at sp + 6 slots: 0x00000000837664cc is pointing into object: com.sun.tools.javac.code.Symbol$ClassSymbol 
{0x00000000837664a8} - klass: 'com/sun/tools/javac/code/Symbol$ClassSymbol'
 - ---- fields (total size 11 words):
 - public 'kind' 'Lcom/sun/tools/javac/code/Kinds$Kind;' @12  a 'com/sun/tools/javac/code/Kinds$Kind'{0x0000000081b4e8b0} (81b4e8b0)
 - public 'flags_field' 'J' @16  33554432 (2000000 0)
 - public 'name' 'Lcom/sun/tools/javac/util/Name;' @24  a 'com/sun/tools/javac/util/SharedNameTable$NameImpl'{0x0000000083766500} (83766500)
 - public 'type' 'Lcom/sun/tools/javac/code/Type;' @28  a 'com/sun/tools/javac/code/Type$ClassType'{0x0000000083766520} (83766520)
 - public 'owner' 'Lcom/sun/tools/javac/code/Symbol;' @32  a 'com/sun/tools/javac/code/Symbol$PackageSymbol'{0x0000000081be6798} (81be6798)
 - public 'completer' 'Lcom/sun/tools/javac/code/Symbol$Completer;' @36  a 'com/sun/tools/javac/code/ClassFinder$$Lambda$42+0x0000000800c8dfc0'{0x0000000081b68f80} (81b68f80)
 - public 'erasure_field' 'Lcom/sun/tools/javac/code/Type;' @40  NULL (0)
 - protected 'metadata' 'Lcom/sun/tools/javac/code/SymbolMetadata;' @44  NULL (0)
 - public 'isPermittedExplicit' 'Z' @48  false
 - public 'members_field' 'Lcom/sun/tools/javac/code/Scope$WriteableScope;' @52  NULL (0)
 - public 'fullname' 'Lcom/sun/tools/javac/util/Name;' @56  a 'com/sun/tools/javac/util/SharedNameTable$NameImpl'{0x0000000083766550} (83766550)
 - public 'flatname' 'Lcom/sun/tools/javac/util/Name;' @60  a 'com/sun/tools/javac/util/SharedNameTable$NameImpl'{0x0000000083766550} (83766550)
 - public 'sourcefile' 'Ljavax/tools/JavaFileObject;' @64  
[error occurred during error reporting (inspecting top of stack), id 0xc0000005, EXCEPTION_ACCESS_VIOLATION (0xc0000005) at pc=0x00007fff7337cabe]


---------------  P R O C E S S  ---------------

Threads class SMR info:
_java_thread_list=0x0000027bb5ba0660, length=13, elements={
0x0000027b946edfd0, 0x0000027b947c90e0, 0x0000027b947c9e60, 0x0000027bb3e1ca40,
0x0000027bb3e20420, 0x0000027bb3e20ce0, 0x0000027bb3e215a0, 0x0000027bb3e26750,
0x0000027bb3e31120, 0x0000027bb3e40660, 0x0000027bb3f2c4e0, 0x0000027bb49c2bb0,
0x0000027bb596ff60
}

Java Threads: ( => current thread )
  0x0000027b946edfd0 JavaThread "main" [_thread_in_Java, id=992, stack(0x000000f57d500000,0x000000f57d600000)]
  0x0000027b947c90e0 JavaThread "Reference Handler" daemon [_thread_blocked, id=10072, stack(0x000000f57dc00000,0x000000f57dd00000)]
  0x0000027b947c9e60 JavaThread "Finalizer" daemon [_thread_blocked, id=6700, stack(0x000000f57dd00000,0x000000f57de00000)]
  0x0000027bb3e1ca40 JavaThread "Signal Dispatcher" daemon [_thread_blocked, id=972, stack(0x000000f57de00000,0x000000f57df00000)]
  0x0000027bb3e20420 JavaThread "Attach Listener" daemon [_thread_blocked, id=7200, stack(0x000000f57df00000,0x000000f57e000000)]
  0x0000027bb3e20ce0 JavaThread "Service Thread" daemon [_thread_blocked, id=13376, stack(0x000000f57e000000,0x000000f57e100000)]
  0x0000027bb3e215a0 JavaThread "Monitor Deflation Thread" daemon [_thread_blocked, id=3152, stack(0x000000f57e100000,0x000000f57e200000)]
  0x0000027bb3e26750 JavaThread "C2 CompilerThread0" daemon [_thread_in_native, id=1988, stack(0x000000f57e200000,0x000000f57e300000)]
  0x0000027bb3e31120 JavaThread "C1 CompilerThread0" daemon [_thread_blocked, id=9704, stack(0x000000f57e300000,0x000000f57e400000)]
  0x0000027bb3e40660 JavaThread "Sweeper thread" daemon [_thread_blocked, id=5712, stack(0x000000f57e400000,0x000000f57e500000)]
  0x0000027bb3f2c4e0 JavaThread "Common-Cleaner" daemon [_thread_blocked, id=612, stack(0x000000f57e500000,0x000000f57e600000)]
  0x0000027bb49c2bb0 JavaThread "Notification Thread" daemon [_thread_blocked, id=12884, stack(0x000000f57e600000,0x000000f57e700000)]
  0x0000027bb596ff60 JavaThread "C2 CompilerThread1" daemon [_thread_in_native, id=5392, stack(0x000000f57eb00000,0x000000f57ec00000)]

Other Threads:
  0x0000027b947c1d00 VMThread "VM Thread" [stack: 0x000000f57db00000,0x000000f57dc00000] [id=6528]
  0x0000027bb3e0dc30 WatcherThread [stack: 0x000000f57e700000,0x000000f57e800000] [id=12748]
  0x0000027b9472bf20 GCTaskThread "GC Thread#0" [stack: 0x000000f57d600000,0x000000f57d700000] [id=5364]
  0x0000027bb4b52510 GCTaskThread "GC Thread#1" [stack: 0x000000f57e800000,0x000000f57e900000] [id=13404]
  0x0000027bb4b6a5d0 GCTaskThread "GC Thread#2" [stack: 0x000000f57e900000,0x000000f57ea00000] [id=14088]
  0x0000027bb4b6b090 GCTaskThread "GC Thread#3" [stack: 0x000000f57ea00000,0x000000f57eb00000] [id=7808]
  0x0000027b9473ca30 ConcurrentGCThread "G1 Main Marker" [stack: 0x000000f57d700000,0x000000f57d800000] [id=5588]
=>0x0000027b9473daf0 ConcurrentGCThread "G1 Conc#0" [stack: 0x000000f57d800000,0x000000f57d900000] [id=1684]
  0x0000027b94755b00 ConcurrentGCThread "G1 Refine#0" [stack: 0x000000f57d900000,0x000000f57da00000] [id=10900]
  0x0000027b94756430 ConcurrentGCThread "G1 Service" [stack: 0x000000f57da00000,0x000000f57db00000] [id=6616]

Threads with active compile tasks:
C2 CompilerThread0     1274 1360       4       java.nio.file.Files::readAttributes (11 bytes)
C2 CompilerThread1     1274 1617       4       java.lang.StringLatin1::replace (198 bytes)

VM state: not at safepoint (normal execution)

VM Mutex/Monitor currently owned by a thread: None

Heap address: 0x0000000081a00000, size: 2022 MB, Compressed Oops mode: 32-bit

CDS archive(s) mapped at: [0x0000000800000000-0x0000000800bc0000-0x0000000800bc0000), size 12320768, SharedBaseAddress: 0x0000000800000000, ArchiveRelocationMode: 0.
Compressed class space mapped at: 0x0000000800c00000-0x0000000840c00000, reserved size: 1073741824
Narrow klass base: 0x0000000800000000, Narrow klass shift: 0, Narrow klass range: 0x100000000

GC Precious Log:
 CPUs: 4 total, 4 available
 Memory: 8086M
 Large Page Support: Disabled
 NUMA Support: Disabled
 Compressed Oops: Enabled (32-bit)
 Heap Region Size: 1M
 Heap Min Capacity: 8M
 Heap Initial Capacity: 8M
 Heap Max Capacity: 2022M
 Pre-touch: Disabled
 Parallel Workers: 4
 Concurrent Workers: 1
 Concurrent Refinement Workers: 4
 Periodic GC: Disabled

Heap:
 garbage-first heap   total 79872K, used 26783K [0x0000000081a00000, 0x0000000100000000)
  region size 1024K, 10 young (10240K), 2 survivors (2048K)
 Metaspace       used 9257K, committed 9408K, reserved 1064960K
  class space    used 1073K, committed 1152K, reserved 1048576K

Heap Regions: E=young(eden), S=young(survivor), O=old, HS=humongous(starts), HC=humongous(continues), CS=collection set, F=free, OA=open archive, CA=closed archive, TAMS=top-at-mark-start (previous, next)
|   0|0x0000000081a00000, 0x0000000081b00000, 0x0000000081b00000|100%| O|  |TAMS 0x0000000081b00000, 0x0000000081b00000| Untracked 
|   1|0x0000000081b00000, 0x0000000081c00000, 0x0000000081c00000|100%| O|  |TAMS 0x0000000081c00000, 0x0000000081c00000| Untracked 
|   2|0x0000000081c00000, 0x0000000081d00000, 0x0000000081d00000|100%|HS|  |TAMS 0x0000000081d00000, 0x0000000081d00000| Complete 
|   3|0x0000000081d00000, 0x0000000081e00000, 0x0000000081e00000|100%|HC|  |TAMS 0x0000000081e00000, 0x0000000081e00000| Complete 
|   4|0x0000000081e00000, 0x0000000081f00000, 0x0000000081f00000|100%|HC|  |TAMS 0x0000000081f00000, 0x0000000081f00000| Complete 
|   5|0x0000000081f00000, 0x0000000082000000, 0x0000000082000000|100%|HC|  |TAMS 0x0000000082000000, 0x0000000082000000| Complete 
|   6|0x0000000082000000, 0x0000000082100000, 0x0000000082100000|100%| O|  |TAMS 0x0000000082100000, 0x0000000082100000| Untracked 
|   7|0x0000000082100000, 0x0000000082200000, 0x0000000082200000|100%| O|  |TAMS 0x0000000082200000, 0x0000000082200000| Untracked 
|   8|0x0000000082200000, 0x0000000082300000, 0x0000000082300000|100%| O|  |TAMS 0x0000000082300000, 0x0000000082300000| Untracked 
|   9|0x0000000082300000, 0x0000000082400000, 0x0000000082400000|100%| O|  |TAMS 0x0000000082400000, 0x0000000082400000| Untracked 
|  10|0x0000000082400000, 0x0000000082500000, 0x0000000082500000|100%| O|  |TAMS 0x0000000082500000, 0x0000000082500000| Untracked 
|  11|0x0000000082500000, 0x0000000082500000, 0x0000000082600000|  0%| F|  |TAMS 0x0000000082500000, 0x0000000082500000| Untracked 
|  12|0x0000000082600000, 0x0000000082700000, 0x0000000082700000|100%|HS|  |TAMS 0x0000000082700000, 0x0000000082700000| Complete 
|  13|0x0000000082700000, 0x0000000082800000, 0x0000000082800000|100%|HC|  |TAMS 0x0000000082800000, 0x0000000082800000| Complete 
|  14|0x0000000082800000, 0x0000000082900000, 0x0000000082900000|100%|HC|  |TAMS 0x0000000082900000, 0x0000000082900000| Complete 
|  15|0x0000000082900000, 0x0000000082a00000, 0x0000000082a00000|100%|HC|  |TAMS 0x0000000082a00000, 0x0000000082a00000| Complete 
|  16|0x0000000082a00000, 0x0000000082b00000, 0x0000000082b00000|100%| O|  |TAMS 0x0000000082b00000, 0x0000000082b00000| Untracked 
|  17|0x0000000082b00000, 0x0000000082c00000, 0x0000000082c00000|100%| O|  |TAMS 0x0000000082c00000, 0x0000000082c00000| Untracked 
|  18|0x0000000082c00000, 0x0000000082cdd800, 0x0000000082d00000| 86%| O|  |TAMS 0x0000000082c40200, 0x0000000082cdd800| Untracked 
|  19|0x0000000082d00000, 0x0000000082d00000, 0x0000000082e00000|  0%| F|  |TAMS 0x0000000082d00000, 0x0000000082d00000| Untracked 
|  20|0x0000000082e00000, 0x0000000082e00000, 0x0000000082f00000|  0%| F|  |TAMS 0x0000000082e00000, 0x0000000082e00000| Untracked 
|  21|0x0000000082f00000, 0x0000000082f00000, 0x0000000083000000|  0%| F|  |TAMS 0x0000000082f00000, 0x0000000082f00000| Untracked 
|  22|0x0000000083000000, 0x0000000083000000, 0x0000000083100000|  0%| F|  |TAMS 0x0000000083000000, 0x0000000083000000| Untracked 
|  23|0x0000000083100000, 0x0000000083100000, 0x0000000083200000|  0%| F|  |TAMS 0x0000000083100000, 0x0000000083100000| Untracked 
|  24|0x0000000083200000, 0x0000000083200000, 0x0000000083300000|  0%| F|  |TAMS 0x0000000083200000, 0x0000000083200000| Untracked 
|  25|0x0000000083300000, 0x0000000083300000, 0x0000000083400000|  0%| F|  |TAMS 0x0000000083300000, 0x0000000083300000| Untracked 
|  26|0x0000000083400000, 0x0000000083400000, 0x0000000083500000|  0%| F|  |TAMS 0x0000000083400000, 0x0000000083400000| Untracked 
|  27|0x0000000083500000, 0x0000000083500000, 0x0000000083600000|  0%| F|  |TAMS 0x0000000083500000, 0x0000000083500000| Untracked 
|  28|0x0000000083600000, 0x000000008364a4d8, 0x0000000083700000| 29%| S|CS|TAMS 0x0000000083600000, 0x0000000083600000| Complete 
|  29|0x0000000083700000, 0x0000000083800000, 0x0000000083800000|100%| S|CS|TAMS 0x0000000083700000, 0x0000000083700000| Complete 
|  30|0x0000000083800000, 0x0000000083800000, 0x0000000083900000|  0%| F|  |TAMS 0x0000000083800000, 0x0000000083800000| Untracked 
|  31|0x0000000083900000, 0x0000000083900000, 0x0000000083a00000|  0%| F|  |TAMS 0x0000000083900000, 0x0000000083900000| Untracked 
|  32|0x0000000083a00000, 0x0000000083a00000, 0x0000000083b00000|  0%| F|  |TAMS 0x0000000083a00000, 0x0000000083a00000| Untracked 
|  33|0x0000000083b00000, 0x0000000083b00000, 0x0000000083c00000|  0%| F|  |TAMS 0x0000000083b00000, 0x0000000083b00000| Untracked 
|  34|0x0000000083c00000, 0x0000000083c00000, 0x0000000083d00000|  0%| F|  |TAMS 0x0000000083c00000, 0x0000000083c00000| Untracked 
|  35|0x0000000083d00000, 0x0000000083d00000, 0x0000000083e00000|  0%| F|  |TAMS 0x0000000083d00000, 0x0000000083d00000| Untracked 
|  36|0x0000000083e00000, 0x0000000083e00000, 0x0000000083f00000|  0%| F|  |TAMS 0x0000000083e00000, 0x0000000083e00000| Untracked 
|  37|0x0000000083f00000, 0x0000000083f00000, 0x0000000084000000|  0%| F|  |TAMS 0x0000000083f00000, 0x0000000083f00000| Untracked 
|  38|0x0000000084000000, 0x0000000084000000, 0x0000000084100000|  0%| F|  |TAMS 0x0000000084000000, 0x0000000084000000| Untracked 
|  39|0x0000000084100000, 0x0000000084100000, 0x0000000084200000|  0%| F|  |TAMS 0x0000000084100000, 0x0000000084100000| Untracked 
|  40|0x0000000084200000, 0x0000000084200000, 0x0000000084300000|  0%| F|  |TAMS 0x0000000084200000, 0x0000000084200000| Untracked 
|  41|0x0000000084300000, 0x0000000084300000, 0x0000000084400000|  0%| F|  |TAMS 0x0000000084300000, 0x0000000084300000| Untracked 
|  42|0x0000000084400000, 0x0000000084400000, 0x0000000084500000|  0%| F|  |TAMS 0x0000000084400000, 0x0000000084400000| Untracked 
|  43|0x0000000084500000, 0x0000000084500000, 0x0000000084600000|  0%| F|  |TAMS 0x0000000084500000, 0x0000000084500000| Untracked 
|  44|0x0000000084600000, 0x0000000084600000, 0x0000000084700000|  0%| F|  |TAMS 0x0000000084600000, 0x0000000084600000| Untracked 
|  45|0x0000000084700000, 0x0000000084700000, 0x0000000084800000|  0%| F|  |TAMS 0x0000000084700000, 0x0000000084700000| Untracked 
|  46|0x0000000084800000, 0x0000000084800000, 0x0000000084900000|  0%| F|  |TAMS 0x0000000084800000, 0x0000000084800000| Untracked 
|  47|0x0000000084900000, 0x0000000084900000, 0x0000000084a00000|  0%| F|  |TAMS 0x0000000084900000, 0x0000000084900000| Untracked 
|  48|0x0000000084a00000, 0x0000000084a00000, 0x0000000084b00000|  0%| F|  |TAMS 0x0000000084a00000, 0x0000000084a00000| Untracked 
|  49|0x0000000084b00000, 0x0000000084b00000, 0x0000000084c00000|  0%| F|  |TAMS 0x0000000084b00000, 0x0000000084b00000| Untracked 
|  50|0x0000000084c00000, 0x0000000084c00000, 0x0000000084d00000|  0%| F|  |TAMS 0x0000000084c00000, 0x0000000084c00000| Untracked 
|  51|0x0000000084d00000, 0x0000000084d00000, 0x0000000084e00000|  0%| F|  |TAMS 0x0000000084d00000, 0x0000000084d00000| Untracked 
|  52|0x0000000084e00000, 0x0000000084e00000, 0x0000000084f00000|  0%| F|  |TAMS 0x0000000084e00000, 0x0000000084e00000| Untracked 
|  53|0x0000000084f00000, 0x0000000084f00000, 0x0000000085000000|  0%| F|  |TAMS 0x0000000084f00000, 0x0000000084f00000| Untracked 
|  54|0x0000000085000000, 0x0000000085000000, 0x0000000085100000|  0%| F|  |TAMS 0x0000000085000000, 0x0000000085000000| Untracked 
|  55|0x0000000085100000, 0x0000000085100000, 0x0000000085200000|  0%| F|  |TAMS 0x0000000085100000, 0x0000000085100000| Untracked 
|  56|0x0000000085200000, 0x0000000085200000, 0x0000000085300000|  0%| F|  |TAMS 0x0000000085200000, 0x0000000085200000| Untracked 
|  57|0x0000000085300000, 0x0000000085300000, 0x0000000085400000|  0%| F|  |TAMS 0x0000000085300000, 0x0000000085300000| Untracked 
|  58|0x0000000085400000, 0x0000000085400000, 0x0000000085500000|  0%| F|  |TAMS 0x0000000085400000, 0x0000000085400000| Untracked 
|  59|0x0000000085500000, 0x0000000085500000, 0x0000000085600000|  0%| F|  |TAMS 0x0000000085500000, 0x0000000085500000| Untracked 
|  60|0x0000000085600000, 0x0000000085600000, 0x0000000085700000|  0%| F|  |TAMS 0x0000000085600000, 0x0000000085600000| Untracked 
|  61|0x0000000085700000, 0x0000000085700000, 0x0000000085800000|  0%| F|  |TAMS 0x0000000085700000, 0x0000000085700000| Untracked 
|  62|0x0000000085800000, 0x0000000085800000, 0x0000000085900000|  0%| F|  |TAMS 0x0000000085800000, 0x0000000085800000| Untracked 
|  63|0x0000000085900000, 0x0000000085900000, 0x0000000085a00000|  0%| F|  |TAMS 0x0000000085900000, 0x0000000085900000| Untracked 
|  64|0x0000000085a00000, 0x0000000085a00000, 0x0000000085b00000|  0%| F|  |TAMS 0x0000000085a00000, 0x0000000085a00000| Untracked 
|  65|0x0000000085b00000, 0x0000000085b00000, 0x0000000085c00000|  0%| F|  |TAMS 0x0000000085b00000, 0x0000000085b00000| Untracked 
|  66|0x0000000085c00000, 0x0000000085c00000, 0x0000000085d00000|  0%| F|  |TAMS 0x0000000085c00000, 0x0000000085c00000| Untracked 
|  67|0x0000000085d00000, 0x0000000085d00000, 0x0000000085e00000|  0%| F|  |TAMS 0x0000000085d00000, 0x0000000085d00000| Untracked 
|  68|0x0000000085e00000, 0x0000000085e00000, 0x0000000085f00000|  0%| F|  |TAMS 0x0000000085e00000, 0x0000000085e00000| Untracked 
|  69|0x0000000085f00000, 0x0000000085f00000, 0x0000000086000000|  0%| F|  |TAMS 0x0000000085f00000, 0x0000000085f00000| Untracked 
|  70|0x0000000086000000, 0x0000000086080800, 0x0000000086100000| 50%| E|  |TAMS 0x0000000086000000, 0x0000000086000000| Complete 
|  71|0x0000000086100000, 0x0000000086200000, 0x0000000086200000|100%| E|CS|TAMS 0x0000000086100000, 0x0000000086100000| Complete 
|  72|0x0000000086200000, 0x0000000086300000, 0x0000000086300000|100%| E|CS|TAMS 0x0000000086200000, 0x0000000086200000| Complete 
|  73|0x0000000086300000, 0x0000000086400000, 0x0000000086400000|100%| E|CS|TAMS 0x0000000086300000, 0x0000000086300000| Complete 
|  74|0x0000000086400000, 0x0000000086500000, 0x0000000086500000|100%| E|CS|TAMS 0x0000000086400000, 0x0000000086400000| Complete 
|  75|0x0000000086500000, 0x0000000086600000, 0x0000000086600000|100%| E|CS|TAMS 0x0000000086500000, 0x0000000086500000| Complete 
|  76|0x0000000086600000, 0x0000000086700000, 0x0000000086700000|100%| E|CS|TAMS 0x0000000086600000, 0x0000000086600000| Complete 
|  77|0x0000000086700000, 0x0000000086800000, 0x0000000086800000|100%| E|CS|TAMS 0x0000000086700000, 0x0000000086700000| Complete 

Card table byte_map: [0x0000027bad160000,0x0000027bad560000] _byte_map_base: 0x0000027bacd53000

Marking Bits (Prev, Next): (CMBitMap*) 0x0000027b9472c440, (CMBitMap*) 0x0000027b9472c480
 Prev Bits: [0x0000027bad960000, 0x0000027baf8f8000)
 Next Bits: [0x0000027baf900000, 0x0000027bb1898000)

Polling page: 0x0000027b947d0000

Metaspace:

Usage:
  Non-class:      7.99 MB used.
      Class:      1.05 MB used.
       Both:      9.04 MB used.

Virtual space:
  Non-class space:       16.00 MB reserved,       8.06 MB ( 50%) committed,  2 nodes.
      Class space:        1.00 GB reserved,       1.12 MB ( <1%) committed,  1 nodes.
             Both:        1.02 GB reserved,       9.19 MB ( <1%) committed. 

Chunk freelists:
   Non-Class:  2.03 MB
       Class:  2.88 MB
        Both:  4.91 MB

MaxMetaspaceSize: unlimited
CompressedClassSpaceSize: 1.00 GB
Initial GC threshold: 21.00 MB
Current GC threshold: 21.00 MB
CDS: on
MetaspaceReclaimPolicy: balanced
 - commit_granule_bytes: 65536.
 - commit_granule_words: 8192.
 - virtual_space_node_default_size: 1048576.
 - enlarge_chunks_in_place: 1.
 - new_chunks_are_fully_committed: 0.
 - uncommit_free_chunks: 1.
 - use_allocation_guard: 0.
 - handle_deallocations: 1.


Internal statistics:

num_allocs_failed_limit: 0.
num_arena_births: 76.
num_arena_deaths: 0.
num_vsnodes_births: 3.
num_vsnodes_deaths: 0.
num_space_committed: 147.
num_space_uncommitted: 0.
num_chunks_returned_to_freelist: 0.
num_chunks_taken_from_freelist: 386.
num_chunk_merges: 0.
num_chunk_splits: 258.
num_chunks_enlarged: 199.
num_purges: 0.
num_inconsistent_stats: 0.

CodeHeap 'non-profiled nmethods': size=120000Kb used=544Kb max_used=544Kb free=119455Kb
 bounds [0x0000027ba5210000, 0x0000027ba5480000, 0x0000027bac740000]
CodeHeap 'profiled nmethods': size=120000Kb used=2568Kb max_used=2568Kb free=117431Kb
 bounds [0x0000027b9dce0000, 0x0000027b9df70000, 0x0000027ba5210000]
CodeHeap 'non-nmethods': size=5760Kb used=1144Kb max_used=1183Kb free=4615Kb
 bounds [0x0000027b9d740000, 0x0000027b9d9b0000, 0x0000027b9dce0000]
 total_blobs=1995 nmethods=1564 adapters=344
 compilation: enabled
              stopped_count=0, restarted_count=0
 full_count=0

Compilation events (20 events):
Event: 1.169 Thread 0x0000027bb3e31120 nmethod 1532 0x0000027b9df3f990 code [0x0000027b9df3fb80, 0x0000027b9df40078]
Event: 1.169 Thread 0x0000027bb3e31120 1533   !   2       jdk.internal.ref.PhantomCleanable::insert (53 bytes)
Event: 1.169 Thread 0x0000027bb3e31120 nmethod 1533 0x0000027b9df40290 code [0x0000027b9df40440, 0x0000027b9df40798]
Event: 1.169 Thread 0x0000027bb3e31120 1534       2       jdk.internal.ref.CleanerFactory::cleaner (4 bytes)
Event: 1.169 Thread 0x0000027bb3e31120 nmethod 1534 0x0000027b9df40910 code [0x0000027b9df40aa0, 0x0000027b9df40b98]
Event: 1.170 Thread 0x0000027bb3e31120 1535       2       java.lang.invoke.InnerClassLambdaMetafactory::getLoadOpcode (26 bytes)
Event: 1.170 Thread 0x0000027bb3e31120 nmethod 1535 0x0000027b9df40c10 code [0x0000027b9df40dc0, 0x0000027b9df40f98]
Event: 1.170 Thread 0x0000027bb3e31120 1536       2       java.lang.invoke.InnerClassLambdaMetafactory::getParameterSize (27 bytes)
Event: 1.170 Thread 0x0000027bb3e31120 nmethod 1536 0x0000027b9df41090 code [0x0000027b9df41240, 0x0000027b9df413b8]
Event: 1.170 Thread 0x0000027bb3e31120 1537       2       jdk.internal.org.objectweb.asm.MethodVisitor::visitVarInsn (17 bytes)
Event: 1.170 Thread 0x0000027bb3e31120 nmethod 1537 0x0000027b9df41490 code [0x0000027b9df41620, 0x0000027b9df41748]
Event: 1.171 Thread 0x0000027bb3e31120 1538       2       java.lang.invoke.MemberName::isMethod (8 bytes)
Event: 1.171 Thread 0x0000027bb3e31120 nmethod 1538 0x0000027b9df41810 code [0x0000027b9df419a0, 0x0000027b9df41ad8]
Event: 1.172 Thread 0x0000027bb3e31120 1539   !   2       java.lang.invoke.MethodHandle::setVarargs (25 bytes)
Event: 1.172 Thread 0x0000027bb3e31120 nmethod 1539 0x0000027b9df41b90 code [0x0000027b9df41d40, 0x0000027b9df41fb8]
Event: 1.172 Thread 0x0000027bb3e31120 1540       2       java.lang.invoke.MemberName::isVarargs (23 bytes)
Event: 1.172 Thread 0x0000027bb3e31120 nmethod 1540 0x0000027b9df42110 code [0x0000027b9df422a0, 0x0000027b9df42438]
Event: 1.174 Thread 0x0000027bb3e31120 1542       2       com.sun.tools.javac.jvm.ClassReader::skipMember (55 bytes)
Event: 1.174 Thread 0x0000027bb3e31120 nmethod 1542 0x0000027b9df42510 code [0x0000027b9df426c0, 0x0000027b9df42928]
Event: 1.174 Thread 0x0000027bb3e31120 1543       2       java.lang.invoke.MethodHandles$Lookup::isClassAccessible (53 bytes)

GC Heap History (20 events):
Event: 0.551 GC heap before
{Heap before GC invocations=7 (full 0):
 garbage-first heap   total 10240K, used 7143K [0x0000000081a00000, 0x0000000100000000)
  region size 1024K, 2 young (2048K), 1 survivors (1024K)
 Metaspace       used 7894K, committed 8128K, reserved 1064960K
  class space    used 916K, committed 1024K, reserved 1048576K
}
Event: 0.553 GC heap after
{Heap after GC invocations=8 (full 0):
 garbage-first heap   total 10240K, used 7358K [0x0000000081a00000, 0x0000000100000000)
  region size 1024K, 1 young (1024K), 1 survivors (1024K)
 Metaspace       used 7894K, committed 8128K, reserved 1064960K
  class space    used 916K, committed 1024K, reserved 1048576K
}
Event: 0.592 GC heap before
{Heap before GC invocations=9 (full 0):
 garbage-first heap   total 15360K, used 8382K [0x0000000081a00000, 0x0000000100000000)
  region size 1024K, 2 young (2048K), 1 survivors (1024K)
 Metaspace       used 7981K, committed 8128K, reserved 1064960K
  class space    used 930K, committed 1024K, reserved 1048576K
}
Event: 0.594 GC heap after
{Heap after GC invocations=10 (full 0):
 garbage-first heap   total 15360K, used 7766K [0x0000000081a00000, 0x0000000100000000)
  region size 1024K, 1 young (1024K), 1 survivors (1024K)
 Metaspace       used 7981K, committed 8128K, reserved 1064960K
  class space    used 930K, committed 1024K, reserved 1048576K
}
Event: 0.695 GC heap before
{Heap before GC invocations=10 (full 0):
 garbage-first heap   total 15360K, used 9814K [0x0000000081a00000, 0x0000000100000000)
  region size 1024K, 3 young (3072K), 1 survivors (1024K)
 Metaspace       used 8592K, committed 8768K, reserved 1064960K
  class space    used 1004K, committed 1088K, reserved 1048576K
}
Event: 0.698 GC heap after
{Heap after GC invocations=11 (full 0):
 garbage-first heap   total 30720K, used 8664K [0x0000000081a00000, 0x0000000100000000)
  region size 1024K, 1 young (1024K), 1 survivors (1024K)
 Metaspace       used 8592K, committed 8768K, reserved 1064960K
  class space    used 1004K, committed 1088K, reserved 1048576K
}
Event: 0.764 GC heap before
{Heap before GC invocations=12 (full 0):
 garbage-first heap   total 30720K, used 19928K [0x0000000081a00000, 0x0000000100000000)
  region size 1024K, 8 young (8192K), 1 survivors (1024K)
 Metaspace       used 8603K, committed 8768K, reserved 1064960K
  class space    used 1004K, committed 1088K, reserved 1048576K
}
Event: 0.772 GC heap after
{Heap after GC invocations=13 (full 0):
 garbage-first heap   total 30720K, used 18287K [0x0000000081a00000, 0x0000000100000000)
  region size 1024K, 1 young (1024K), 1 survivors (1024K)
 Metaspace       used 8603K, committed 8768K, reserved 1064960K
  class space    used 1004K, committed 1088K, reserved 1048576K
}
Event: 0.813 GC heap before
{Heap before GC invocations=13 (full 0):
 garbage-first heap   total 30720K, used 21359K [0x0000000081a00000, 0x0000000100000000)
  region size 1024K, 4 young (4096K), 1 survivors (1024K)
 Metaspace       used 8633K, committed 8768K, reserved 1064960K
  class space    used 1006K, committed 1088K, reserved 1048576K
}
Event: 0.815 GC heap after
{Heap after GC invocations=14 (full 0):
 garbage-first heap   total 30720K, used 18924K [0x0000000081a00000, 0x0000000100000000)
  region size 1024K, 1 young (1024K), 1 survivors (1024K)
 Metaspace       used 8633K, committed 8768K, reserved 1064960K
  class space    used 1006K, committed 1088K, reserved 1048576K
}
Event: 0.858 GC heap before
{Heap before GC invocations=15 (full 0):
 garbage-first heap   total 35840K, used 20972K [0x0000000081a00000, 0x0000000100000000)
  region size 1024K, 3 young (3072K), 1 survivors (1024K)
 Metaspace       used 8640K, committed 8896K, reserved 1064960K
  class space    used 1007K, committed 1152K, reserved 1048576K
}
Event: 0.859 GC heap after
{Heap after GC invocations=16 (full 0):
 garbage-first heap   total 35840K, used 18898K [0x0000000081a00000, 0x0000000100000000)
  region size 1024K, 1 young (1024K), 1 survivors (1024K)
 Metaspace       used 8640K, committed 8896K, reserved 1064960K
  class space    used 1007K, committed 1152K, reserved 1048576K
}
Event: 0.901 GC heap before
{Heap before GC invocations=16 (full 0):
 garbage-first heap   total 35840K, used 22994K [0x0000000081a00000, 0x0000000100000000)
  region size 1024K, 5 young (5120K), 1 survivors (1024K)
 Metaspace       used 8640K, committed 8896K, reserved 1064960K
  class space    used 1007K, committed 1152K, reserved 1048576K
}
Event: 0.902 GC heap after
{Heap after GC invocations=17 (full 0):
 garbage-first heap   total 35840K, used 18924K [0x0000000081a00000, 0x0000000100000000)
  region size 1024K, 1 young (1024K), 1 survivors (1024K)
 Metaspace       used 8640K, committed 8896K, reserved 1064960K
  class space    used 1007K, committed 1152K, reserved 1048576K
}
Event: 0.958 GC heap before
{Heap before GC invocations=18 (full 0):
 garbage-first heap   total 39936K, used 24044K [0x0000000081a00000, 0x0000000100000000)
  region size 1024K, 6 young (6144K), 1 survivors (1024K)
 Metaspace       used 8640K, committed 8896K, reserved 1064960K
  class space    used 1007K, committed 1152K, reserved 1048576K
}
Event: 0.959 GC heap after
{Heap after GC invocations=19 (full 0):
 garbage-first heap   total 39936K, used 19052K [0x0000000081a00000, 0x0000000100000000)
  region size 1024K, 1 young (1024K), 1 survivors (1024K)
 Metaspace       used 8640K, committed 8896K, reserved 1064960K
  class space    used 1007K, committed 1152K, reserved 1048576K
}
Event: 0.970 GC heap before
{Heap before GC invocations=19 (full 0):
 garbage-first heap   total 39936K, used 20076K [0x0000000081a00000, 0x0000000100000000)
  region size 1024K, 2 young (2048K), 1 survivors (1024K)
 Metaspace       used 8640K, committed 8896K, reserved 1064960K
  class space    used 1007K, committed 1152K, reserved 1048576K
}
Event: 0.972 GC heap after
{Heap after GC invocations=20 (full 0):
 garbage-first heap   total 39936K, used 18679K [0x0000000081a00000, 0x0000000100000000)
  region size 1024K, 1 young (1024K), 1 survivors (1024K)
 Metaspace       used 8640K, committed 8896K, reserved 1064960K
  class space    used 1007K, committed 1152K, reserved 1048576K
}
Event: 1.114 GC heap before
{Heap before GC invocations=20 (full 0):
 garbage-first heap   total 39936K, used 26871K [0x0000000081a00000, 0x0000000100000000)
  region size 1024K, 9 young (9216K), 1 survivors (1024K)
 Metaspace       used 8991K, committed 9216K, reserved 1064960K
  class space    used 1043K, committed 1152K, reserved 1048576K
}
Event: 1.119 GC heap after
{Heap after GC invocations=21 (full 0):
 garbage-first heap   total 79872K, used 19615K [0x0000000081a00000, 0x0000000100000000)
  region size 1024K, 2 young (2048K), 2 survivors (2048K)
 Metaspace       used 8991K, committed 9216K, reserved 1064960K
  class space    used 1043K, committed 1152K, reserved 1048576K
}

Deoptimization events (20 events):
Event: 0.716 Thread 0x0000027b946edfd0 DEOPT PACKING pc=0x0000027ba52624b8 sp=0x000000f57d5fe370
Event: 0.716 Thread 0x0000027b946edfd0 DEOPT UNPACKING pc=0x0000027b9d7923a3 sp=0x000000f57d5fe298 mode 2
Event: 0.775 Thread 0x0000027b946edfd0 Uncommon trap: trap_request=0xffffffc6 fr.pc=0x0000027ba5256ec4 relative=0x0000000000000404
Event: 0.775 Thread 0x0000027b946edfd0 Uncommon trap: reason=bimorphic_or_optimized_type_check action=maybe_recompile pc=0x0000027ba5256ec4 method=java.util.HashMap.getNode(Ljava/lang/Object;)Ljava/util/HashMap$Node; @ 128 c2
Event: 0.775 Thread 0x0000027b946edfd0 DEOPT PACKING pc=0x0000027ba5256ec4 sp=0x000000f57d5fdf10
Event: 0.775 Thread 0x0000027b946edfd0 DEOPT UNPACKING pc=0x0000027b9d7923a3 sp=0x000000f57d5fde28 mode 2
Event: 0.777 Thread 0x0000027b946edfd0 Uncommon trap: trap_request=0xffffff45 fr.pc=0x0000027ba5262964 relative=0x0000000000000064
Event: 0.777 Thread 0x0000027b946edfd0 Uncommon trap: reason=unstable_if action=reinterpret pc=0x0000027ba5262964 method=java.time.LocalDate.compareTo0(Ljava/time/LocalDate;)I @ 25 c2
Event: 0.777 Thread 0x0000027b946edfd0 DEOPT PACKING pc=0x0000027ba5262964 sp=0x000000f57d5fdcc0
Event: 0.777 Thread 0x0000027b946edfd0 DEOPT UNPACKING pc=0x0000027b9d7923a3 sp=0x000000f57d5fdc48 mode 2
Event: 1.089 Thread 0x0000027b946edfd0 DEOPT PACKING pc=0x0000027b9deedf98 sp=0x000000f57d5fe080
Event: 1.089 Thread 0x0000027b946edfd0 DEOPT UNPACKING pc=0x0000027b9d792b43 sp=0x000000f57d5fd590 mode 0
Event: 1.156 Thread 0x0000027b946edfd0 Uncommon trap: trap_request=0xffffff45 fr.pc=0x0000027ba524b260 relative=0x0000000000000060
Event: 1.156 Thread 0x0000027b946edfd0 Uncommon trap: reason=unstable_if action=reinterpret pc=0x0000027ba524b260 method=com.sun.tools.javac.jvm.PoolReader.sizeof(I)I @ 1 c2
Event: 1.156 Thread 0x0000027b946edfd0 DEOPT PACKING pc=0x0000027ba524b260 sp=0x000000f57d5fe2a0
Event: 1.156 Thread 0x0000027b946edfd0 DEOPT UNPACKING pc=0x0000027b9d7923a3 sp=0x000000f57d5fe230 mode 2
Event: 1.160 Thread 0x0000027b946edfd0 Uncommon trap: trap_request=0xffffff45 fr.pc=0x0000027ba5285ad4 relative=0x0000000000000794
Event: 1.160 Thread 0x0000027b946edfd0 Uncommon trap: reason=unstable_if action=reinterpret pc=0x0000027ba5285ad4 method=jdk.internal.jimage.ImageStringsReader.stringFromByteBuffer(Ljava/nio/ByteBuffer;I)Ljava/lang/String; @ 7 c2
Event: 1.160 Thread 0x0000027b946edfd0 DEOPT PACKING pc=0x0000027ba5285ad4 sp=0x000000f57d5fdc70
Event: 1.160 Thread 0x0000027b946edfd0 DEOPT UNPACKING pc=0x0000027b9d7923a3 sp=0x000000f57d5fdc28 mode 2

Classes unloaded (0 events):
No events

Classes redefined (0 events):
No events

Internal exceptions (20 events):
Event: 0.437 Thread 0x0000027b946edfd0 Exception <a 'sun/nio/fs/WindowsException'{0x00000000823757c8}> (0x00000000823757c8) 
thrown [t:\workspace\open\src\hotspot\share\prims\jni.cpp, line 516]
Event: 0.512 Thread 0x0000027b946edfd0 Exception <a 'sun/nio/fs/WindowsException'{0x0000000082328b28}> (0x0000000082328b28) 
thrown [t:\workspace\open\src\hotspot\share\prims\jni.cpp, line 516]
Event: 0.513 Thread 0x0000027b946edfd0 Exception <a 'sun/nio/fs/WindowsException'{0x0000000082328db0}> (0x0000000082328db0) 
thrown [t:\workspace\open\src\hotspot\share\prims\jni.cpp, line 516]
Event: 0.548 Thread 0x0000027b946edfd0 Exception <a 'java/lang/NoSuchMethodError'{0x00000000823ef4e0}: 'java.lang.Object java.lang.invoke.DirectMethodHandle$Holder.invokeVirtual(java.lang.Object, java.lang.Object, java.lang.Object, int, int)'> (0x00000000823ef4e0) 
thrown [t:\workspace\open\src\hotspot\share\interpreter\linkResolver.cpp, line 766]
Event: 0.549 Thread 0x0000027b946edfd0 Exception <a 'java/lang/NoSuchMethodError'{0x00000000823f65b0}: 'java.lang.Object java.lang.invoke.DirectMethodHandle$Holder.invokeVirtual(java.lang.Object, java.lang.Object, int)'> (0x00000000823f65b0) 
thrown [t:\workspace\open\src\hotspot\share\interpreter\linkResolver.cpp, line 766]
Event: 0.559 Thread 0x0000027b946edfd0 Exception <a 'java/lang/NoSuchMethodError'{0x0000000082312560}: 'java.lang.Object java.lang.invoke.DirectMethodHandle$Holder.invokeSpecial(java.lang.Object, java.lang.Object, java.lang.Object, int, int)'> (0x0000000082312560) 
thrown [t:\workspace\open\src\hotspot\share\interpreter\linkResolver.cpp, line 766]
Event: 0.612 Thread 0x0000027b946edfd0 Exception <a 'java/lang/NoSuchMethodError'{0x000000008274b538}: 'java.lang.Object java.lang.invoke.DirectMethodHandle$Holder.invokeInterface(java.lang.Object, java.lang.Object)'> (0x000000008274b538) 
thrown [t:\workspace\open\src\hotspot\share\interpreter\linkResolver.cpp, line 766]
Event: 0.653 Thread 0x0000027b946edfd0 Exception <a 'java/lang/NoSuchMethodError'{0x000000008260fd90}: 'java.lang.Object java.lang.invoke.DirectMethodHandle$Holder.invokeStatic(java.lang.Object, int, java.lang.Object)'> (0x000000008260fd90) 
thrown [t:\workspace\open\src\hotspot\share\interpreter\linkResolver.cpp, line 766]
Event: 0.679 Thread 0x0000027b946edfd0 Implicit null exception at 0x0000027ba525e00c to 0x0000027ba525e13e
Event: 0.764 Thread 0x0000027b946edfd0 Exception <a 'java/lang/NoSuchMethodError'{0x00000000831fd140}: 'void java.lang.invoke.DirectMethodHandle$Holder.invokeSpecial(java.lang.Object, java.lang.Object, java.lang.Object, java.lang.Object, java.lang.Object)'> (0x00000000831fd140) 
thrown [t:\workspace\open\src\hotspot\share\interpreter\linkResolver.cpp, line 766]
Event: 1.004 Thread 0x0000027b946edfd0 Exception <a 'sun/nio/fs/WindowsException'{0x0000000083c24678}> (0x0000000083c24678) 
thrown [t:\workspace\open\src\hotspot\share\prims\jni.cpp, line 516]
Event: 1.004 Thread 0x0000027b946edfd0 Exception <a 'sun/nio/fs/WindowsException'{0x0000000083c25038}> (0x0000000083c25038) 
thrown [t:\workspace\open\src\hotspot\share\prims\jni.cpp, line 516]
Event: 1.008 Thread 0x0000027b946edfd0 Exception <a 'java/lang/NoSuchMethodError'{0x0000000083c69180}: 'void java.lang.invoke.DirectMethodHandle$Holder.invokeStatic(java.lang.Object, java.lang.Object)'> (0x0000000083c69180) 
thrown [t:\workspace\open\src\hotspot\share\interpreter\linkResolver.cpp, line 766]
Event: 1.013 Thread 0x0000027b946edfd0 Exception <a 'sun/nio/fs/WindowsException'{0x0000000083c72d58}> (0x0000000083c72d58) 
thrown [t:\workspace\open\src\hotspot\share\prims\jni.cpp, line 516]
Event: 1.026 Thread 0x0000027b946edfd0 Exception <a 'sun/nio/fs/WindowsException'{0x0000000083c94728}> (0x0000000083c94728) 
thrown [t:\workspace\open\src\hotspot\share\prims\jni.cpp, line 516]
Event: 1.027 Thread 0x0000027b946edfd0 Exception <a 'sun/nio/fs/WindowsException'{0x0000000083c97b58}> (0x0000000083c97b58) 
thrown [t:\workspace\open\src\hotspot\share\prims\jni.cpp, line 516]
Event: 1.076 Thread 0x0000027b946edfd0 Exception <a 'java/lang/NoSuchMethodError'{0x0000000083914488}: 'int java.lang.invoke.DirectMethodHandle$Holder.invokeSpecial(java.lang.Object, java.lang.Object, java.lang.Object)'> (0x0000000083914488) 
thrown [t:\workspace\open\src\hotspot\share\interpreter\linkResolver.cpp, line 766]
Event: 1.081 Thread 0x0000027b946edfd0 Exception <a 'sun/nio/fs/WindowsException'{0x000000008391e928}> (0x000000008391e928) 
thrown [t:\workspace\open\src\hotspot\share\prims\jni.cpp, line 516]
Event: 1.081 Thread 0x0000027b946edfd0 Exception <a 'sun/nio/fs/WindowsException'{0x000000008391eb60}> (0x000000008391eb60) 
thrown [t:\workspace\open\src\hotspot\share\prims\jni.cpp, line 516]
Event: 1.121 Thread 0x0000027b946edfd0 Exception <a 'java/lang/NoSuchMethodError'{0x0000000086715738}: 'java.lang.Object java.lang.invoke.DirectMethodHandle$Holder.invokeStatic(java.lang.Object, java.lang.Object, int, int)'> (0x0000000086715738) 
thrown [t:\workspace\open\src\hotspot\share\interpreter\linkResolver.cpp, line 766]

VM Operations (20 events):
Event: 0.839 Executing VM operation: G1Concurrent
Event: 0.841 Executing VM operation: G1Concurrent done
Event: 0.850 Executing VM operation: G1Concurrent
Event: 0.850 Executing VM operation: G1Concurrent done
Event: 0.858 Executing VM operation: G1CollectForAllocation
Event: 0.859 Executing VM operation: G1CollectForAllocation done
Event: 0.901 Executing VM operation: G1CollectForAllocation
Event: 0.902 Executing VM operation: G1CollectForAllocation done
Event: 0.925 Executing VM operation: G1Concurrent
Event: 0.926 Executing VM operation: G1Concurrent done
Event: 0.936 Executing VM operation: G1Concurrent
Event: 0.936 Executing VM operation: G1Concurrent done
Event: 0.958 Executing VM operation: G1CollectForAllocation
Event: 0.959 Executing VM operation: G1CollectForAllocation done
Event: 0.970 Executing VM operation: G1CollectForAllocation
Event: 0.972 Executing VM operation: G1CollectForAllocation done
Event: 1.114 Executing VM operation: G1CollectForAllocation
Event: 1.119 Executing VM operation: G1CollectForAllocation done
Event: 1.147 Executing VM operation: HandshakeAllThreads
Event: 1.147 Executing VM operation: HandshakeAllThreads done

Events (20 events):
Event: 1.016 loading class java/util/stream/Node$OfPrimitive
Event: 1.016 loading class java/util/stream/Node$OfPrimitive done
Event: 1.016 loading class java/util/stream/Node$OfInt done
Event: 1.016 loading class java/util/stream/Nodes$EmptyNode$OfInt done
Event: 1.017 loading class java/util/stream/Nodes$EmptyNode$OfLong
Event: 1.017 loading class java/util/stream/Node$OfLong
Event: 1.017 loading class java/util/stream/Node$OfLong done
Event: 1.017 loading class java/util/stream/Nodes$EmptyNode$OfLong done
Event: 1.017 loading class java/util/stream/Nodes$EmptyNode$OfDouble
Event: 1.017 loading class java/util/stream/Node$OfDouble
Event: 1.017 loading class java/util/stream/Node$OfDouble done
Event: 1.017 loading class java/util/stream/Nodes$EmptyNode$OfDouble done
Event: 1.017 loading class java/util/stream/Nodes$SpinedNodeBuilder
Event: 1.017 loading class java/util/stream/Node$Builder
Event: 1.017 loading class java/util/stream/Node$Builder done
Event: 1.017 loading class java/util/stream/Nodes$SpinedNodeBuilder done
Event: 1.082 loading class java/lang/invoke/MethodHandle$1
Event: 1.083 loading class java/lang/invoke/MethodHandle$1 done
Event: 1.146 loading class jdk/internal/jimage/ImageReader$LinkNode
Event: 1.146 loading class jdk/internal/jimage/ImageReader$LinkNode done


Dynamic libraries:
0x00007ff643ae0000 - 0x00007ff643ae8000 	C:\Program Files\Java\jdk-17.0.2\bin\javac.exe
0x00007fff9ba10000 - 0x00007fff9bc05000 	C:\Windows\SYSTEM32\ntdll.dll
0x00007fff9a080000 - 0x00007fff9a13d000 	C:\Windows\System32\KERNEL32.DLL
0x00007fff994f0000 - 0x00007fff997b8000 	C:\Windows\System32\KERNELBASE.dll
0x00007fff993f0000 - 0x00007fff994f0000 	C:\Windows\System32\ucrtbase.dll
0x00007fff96020000 - 0x00007fff96038000 	C:\Program Files\Java\jdk-17.0.2\bin\jli.dll
0x00007fff96090000 - 0x00007fff960aa000 	C:\Program Files\Java\jdk-17.0.2\bin\VCRUNTIME140.dll
0x00007fff9a140000 - 0x00007fff9a1ec000 	C:\Windows\System32\ADVAPI32.dll
0x00007fff99f80000 - 0x00007fff9a01e000 	C:\Windows\System32\msvcrt.dll
0x00007fff9a810000 - 0x00007fff9a8ab000 	C:\Windows\System32\sechost.dll
0x00007fff9aab0000 - 0x00007fff9abdb000 	C:\Windows\System32\RPCRT4.dll
0x00007fff9a910000 - 0x00007fff9aab0000 	C:\Windows\System32\USER32.dll
0x00007fff997c0000 - 0x00007fff997e2000 	C:\Windows\System32\win32u.dll
0x00007fff8a330000 - 0x00007fff8a5ca000 	C:\Windows\WinSxS\amd64_microsoft.windows.common-controls_6595b64144ccf1df_6.0.19041.844_none_ca00b6081b84eb1d\COMCTL32.dll
0x00007fff99e30000 - 0x00007fff99e5a000 	C:\Windows\System32\GDI32.dll
0x00007fff99260000 - 0x00007fff9936b000 	C:\Windows\System32\gdi32full.dll
0x00007fff997f0000 - 0x00007fff9988d000 	C:\Windows\System32\msvcp_win.dll
0x00007fff8a5e0000 - 0x00007fff8a5ea000 	C:\Windows\SYSTEM32\VERSION.dll
0x00007fff9a5c0000 - 0x00007fff9a5f0000 	C:\Windows\System32\IMM32.DLL
0x00007fff96010000 - 0x00007fff9601c000 	C:\Program Files\Java\jdk-17.0.2\bin\vcruntime140_1.dll
0x00007fff8e320000 - 0x00007fff8e3ad000 	C:\Program Files\Java\jdk-17.0.2\bin\msvcp140.dll
0x00007fff72ff0000 - 0x00007fff73bb1000 	C:\Program Files\Java\jdk-17.0.2\bin\server\jvm.dll
0x00007fff9abe0000 - 0x00007fff9abe8000 	C:\Windows\System32\PSAPI.DLL
0x00007fff8fa00000 - 0x00007fff8fa27000 	C:\Windows\SYSTEM32\WINMM.dll
0x00007fff89090000 - 0x00007fff89099000 	C:\Windows\SYSTEM32\WSOCK32.dll
0x00007fff9b4f0000 - 0x00007fff9b55b000 	C:\Windows\System32\WS2_32.dll
0x00007fff97090000 - 0x00007fff970a2000 	C:\Windows\SYSTEM32\kernel.appcore.dll
0x00007fff94ec0000 - 0x00007fff94eca000 	C:\Program Files\Java\jdk-17.0.2\bin\jimage.dll
0x00007fff8a600000 - 0x00007fff8a7e4000 	C:\Windows\SYSTEM32\DBGHELP.DLL
0x00007fff8a270000 - 0x00007fff8a29c000 	C:\Windows\SYSTEM32\dbgcore.DLL
0x00007fff99370000 - 0x00007fff993f0000 	C:\Windows\System32\bcryptPrimitives.dll
0x00007fff94c00000 - 0x00007fff94c25000 	C:\Program Files\Java\jdk-17.0.2\bin\java.dll
0x00007fff7f9a0000 - 0x00007fff7fa76000 	C:\Program Files\Java\jdk-17.0.2\bin\jsvml.dll
0x00007fff9ada0000 - 0x00007fff9b4e2000 	C:\Windows\System32\SHELL32.dll
0x00007fff97290000 - 0x00007fff97a21000 	C:\Windows\SYSTEM32\windows.storage.dll
0x00007fff99ad0000 - 0x00007fff99e25000 	C:\Windows\System32\combase.dll
0x00007fff98af0000 - 0x00007fff98b1c000 	C:\Windows\SYSTEM32\Wldp.dll
0x00007fff9a620000 - 0x00007fff9a6ce000 	C:\Windows\System32\SHCORE.dll
0x00007fff99a70000 - 0x00007fff99ac5000 	C:\Windows\System32\shlwapi.dll
0x00007fff99090000 - 0x00007fff990af000 	C:\Windows\SYSTEM32\profapi.dll
0x00007fff94bc0000 - 0x00007fff94bd9000 	C:\Program Files\Java\jdk-17.0.2\bin\net.dll
0x00007fff8fa40000 - 0x00007fff8fb4b000 	C:\Windows\SYSTEM32\WINHTTP.dll
0x00007fff98860000 - 0x00007fff988ca000 	C:\Windows\system32\mswsock.dll
0x00007fff8f540000 - 0x00007fff8f556000 	C:\Program Files\Java\jdk-17.0.2\bin\nio.dll
0x00007fff8e300000 - 0x00007fff8e318000 	C:\Program Files\Java\jdk-17.0.2\bin\zip.dll

dbghelp: loaded successfully - version: 4.0.5 - missing functions: none
symbol engine: initialized successfully - sym options: 0x614 - pdb path: .;C:\Program Files\Java\jdk-17.0.2\bin;C:\Windows\SYSTEM32;C:\Windows\WinSxS\amd64_microsoft.windows.common-controls_6595b64144ccf1df_6.0.19041.844_none_ca00b6081b84eb1d;C:\Program Files\Java\jdk-17.0.2\bin\server

VM Arguments:
jvm_args: -Denv.class.path=.;E:\ojdbc6.jar;E:\servlet-api.jar;E:\postgresql-42.5.0.jar;E:\sax-2.0.1.jar;E:\tika-app-2.5.0.jar;% java TinyHttpd 9999; -Dapplication.home=C:\Program Files\Java\jdk-17.0.2 --add-modules=ALL-DEFAULT -Xms8m -Djdk.module.main=jdk.compiler 
java_command: jdk.compiler/com.sun.tools.javac.Main -d . *.java
java_class_path (initial): <not set>
Launcher Type: SUN_STANDARD

[Global flags]
     intx CICompilerCount                          = 3                                         {product} {ergonomic}
     uint ConcGCThreads                            = 1                                         {product} {ergonomic}
     uint G1ConcRefinementThreads                  = 4                                         {product} {ergonomic}
   size_t G1HeapRegionSize                         = 1048576                                   {product} {ergonomic}
    uintx GCDrainStackTargetSize                   = 64                                        {product} {ergonomic}
   size_t InitialHeapSize                          = 8388608                                   {product} {command line}
   size_t MarkStackSize                            = 4194304                                   {product} {ergonomic}
   size_t MaxHeapSize                              = 2120220672                                {product} {ergonomic}
   size_t MaxNewSize                               = 1271922688                                {product} {ergonomic}
   size_t MinHeapDeltaBytes                        = 1048576                                   {product} {ergonomic}
   size_t MinHeapSize                              = 8388608                                   {product} {command line}
    uintx NonNMethodCodeHeapSize                   = 5832780                                {pd product} {ergonomic}
    uintx NonProfiledCodeHeapSize                  = 122912730                              {pd product} {ergonomic}
    uintx ProfiledCodeHeapSize                     = 122912730                              {pd product} {ergonomic}
    uintx ReservedCodeCacheSize                    = 251658240                              {pd product} {ergonomic}
     bool SegmentedCodeCache                       = true                                      {product} {ergonomic}
   size_t SoftMaxHeapSize                          = 2120220672                             {manageable} {ergonomic}
     bool UseCompressedClassPointers               = true                           {product lp64_product} {ergonomic}
     bool UseCompressedOops                        = true                           {product lp64_product} {ergonomic}
     bool UseG1GC                                  = true                                      {product} {ergonomic}
     bool UseLargePagesIndividualAllocation        = false                                  {pd product} {ergonomic}

Logging:
Log output configuration:
 #0: stdout all=warning uptime,level,tags
 #1: stderr all=off uptime,level,tags

Environment Variables:
JAVA_HOME=C:\Program Files\Java\jdk-17.0.2
CLASSPATH=.;E:\ojdbc6.jar;E:\servlet-api.jar;E:\postgresql-42.5.0.jar;E:\sax-2.0.1.jar;E:\tika-app-2.5.0.jar;% java TinyHttpd 9999;
PATH=C:\Orable\ITU\product\11.2.0\dbhome_1\bin;C:\app\ITU1\product\11.2.0\dbhome_1\bin;C:\Oraclefinale\product\11.2.0\dbhome_1\bin;C:\Oracle\product\11.2.0\dbhome_1\bin;C:\app\ITU\product\11.2.0\dbhome_3\bin;C:\app\ITU\product\11.2.0\dbhome_2\bin;C:\Program Files\Common Files\Oracle\Java\javapath;C:\Windows\system32;C:\Windows;C:\Windows\System32\Wbem;C:\Windows\System32\WindowsPowerShell\v1.0\;C:\Windows\System32\OpenSSH\;C:\Program Files\Java\jdk-17.0.2\bin;E:\L1\log\apache-tomcat-8.5.82\bin;C:\TDM-GCC-64\bin;C:\Program Files\Git\cmd;C:\Program Files\MySQL\MySQL Shell 8.0\bin\;C:\Users\ITU\AppData\Local\Programs\Python\Python310\Scripts\;C:\Users\ITU\AppData\Local\Programs\Python\Python310\;C:\Users\ITU\AppData\Local\Microsoft\WindowsApps;C:\Users\ITU\AppData\Local\Programs\Microsoft VS Code\bin;C:\Users\ITU\AppData\Local\GitHubDesktop\bin
USERNAME=ITU
OS=Windows_NT
PROCESSOR_IDENTIFIER=Intel64 Family 6 Model 58 Stepping 9, GenuineIntel



---------------  S Y S T E M  ---------------

OS:
 Windows 10 , 64 bit Build 19041 (10.0.19041.928)
OS uptime: 4 days 6:02 hours

CPU: total 4 (initial active 4) (2 cores per cpu, 2 threads per core) family 6 model 58 stepping 9 microcode 0x21, cx8, cmov, fxsr, ht, mmx, sse, sse2, sse3, ssse3, sse4.1, sse4.2, popcnt, tsc, tscinvbit, avx, aes, erms, clmul, vzeroupper, clflush

Memory: 4k page, system-wide physical 8086M (4108M free)
TotalPageFile size 17266M (AvailPageFile size 11038M)
current process WorkingSet (physical memory assigned to process): 125M, peak: 125M
current process commit charge ("private bytes"): 190M, peak: 193M

vm_info: Java HotSpot(TM) 64-Bit Server VM (17.0.2+8-LTS-86) for windows-amd64 JRE (17.0.2+8-LTS-86), built on Dec  7 2021 21:51:03 by "mach5one" with MS VC++ 16.8 / 16.9 (VS2019)

END.
